{"/Users/josephhaines/clockIt/App.js": {"path":"/Users/josephhaines/clockIt/App.js","statementMap":{"0":{"start":{"line":7,"column":2},"end":{"line":7,"column":26}},"1":{"start":{"line":10,"column":15},"end":{"line":17,"column":2}}},"fnMap":{"0":{"name":"App","decl":{"start":{"line":6,"column":24},"end":{"line":6,"column":27}},"loc":{"start":{"line":6,"column":30},"end":{"line":8,"column":1}},"line":6}},"branchMap":{},"s":{"0":0,"1":0},"f":{"0":0},"b":{}}
,"/Users/josephhaines/clockIt/firebase.js": {"path":"/Users/josephhaines/clockIt/firebase.js","statementMap":{"0":{"start":{"line":11,"column":23},"end":{"line":19,"column":1}},"1":{"start":{"line":22,"column":12},"end":{"line":22,"column":41}},"2":{"start":{"line":24,"column":18},"end":{"line":24,"column":35}}},"fnMap":{},"branchMap":{},"s":{"0":0,"1":0,"2":0},"f":{},"b":{}}
,"/Users/josephhaines/clockIt/metro.config.js": {"path":"/Users/josephhaines/clockIt/metro.config.js","statementMap":{"0":{"start":{"line":1,"column":29},"end":{"line":1,"column":58}},"1":{"start":{"line":2,"column":22},"end":{"line":2,"column":49}},"2":{"start":{"line":4,"column":0},"end":{"line":4,"column":45}},"3":{"start":{"line":6,"column":0},"end":{"line":6,"column":31}}},"fnMap":{},"branchMap":{},"s":{"0":0,"1":0,"2":0,"3":0},"f":{},"b":{}}
,"/Users/josephhaines/clockIt/unused.js": {"path":"/Users/josephhaines/clockIt/unused.js","statementMap":{"0":{"start":{"line":2,"column":24},"end":{"line":2,"column":32}},"1":{"start":{"line":4,"column":2},"end":{"line":6,"column":5}},"2":{"start":{"line":5,"column":4},"end":{"line":5,"column":37}},"3":{"start":{"line":8,"column":2},"end":{"line":15,"column":14}},"4":{"start":{"line":10,"column":6},"end":{"line":10,"column":30}},"5":{"start":{"line":13,"column":13},"end":{"line":13,"column":37}},"6":{"start":{"line":14,"column":4},"end":{"line":14,"column":35}},"7":{"start":{"line":14,"column":17},"end":{"line":14,"column":34}}},"fnMap":{"0":{"name":"useInterval","decl":{"start":{"line":1,"column":9},"end":{"line":1,"column":20}},"loc":{"start":{"line":1,"column":38},"end":{"line":16,"column":1}},"line":1},"1":{"name":"(anonymous_1)","decl":{"start":{"line":4,"column":12},"end":{"line":4,"column":13}},"loc":{"start":{"line":4,"column":18},"end":{"line":6,"column":3}},"line":4},"2":{"name":"(anonymous_2)","decl":{"start":{"line":8,"column":12},"end":{"line":8,"column":13}},"loc":{"start":{"line":8,"column":18},"end":{"line":15,"column":3}},"line":8},"3":{"name":"tick","decl":{"start":{"line":9,"column":13},"end":{"line":9,"column":17}},"loc":{"start":{"line":9,"column":20},"end":{"line":11,"column":5}},"line":9},"4":{"name":"(anonymous_4)","decl":{"start":{"line":14,"column":11},"end":{"line":14,"column":12}},"loc":{"start":{"line":14,"column":17},"end":{"line":14,"column":34}},"line":14}},"branchMap":{},"s":{"0":0,"1":0,"2":0,"3":0,"4":0,"5":0,"6":0,"7":0},"f":{"0":0,"1":0,"2":0,"3":0,"4":0},"b":{}}
,"/Users/josephhaines/clockIt/components/control-buttons/controls.js": {"path":"/Users/josephhaines/clockIt/components/control-buttons/controls.js","statementMap":{"0":{"start":{"line":10,"column":2},"end":{"line":31,"column":4}},"1":{"start":{"line":34,"column":15},"end":{"line":43,"column":2}}},"fnMap":{"0":{"name":"Controls","decl":{"start":{"line":4,"column":9},"end":{"line":4,"column":17}},"loc":{"start":{"line":9,"column":3},"end":{"line":32,"column":1}},"line":9}},"branchMap":{"0":{"loc":{"start":{"line":14,"column":43},"end":{"line":14,"column":68}},"type":"cond-expr","locations":[{"start":{"line":14,"column":53},"end":{"line":14,"column":58}},{"start":{"line":14,"column":61},"end":{"line":14,"column":68}}],"line":14},"1":{"loc":{"start":{"line":19,"column":43},"end":{"line":19,"column":69}},"type":"cond-expr","locations":[{"start":{"line":19,"column":53},"end":{"line":19,"column":59}},{"start":{"line":19,"column":62},"end":{"line":19,"column":69}}],"line":19},"2":{"loc":{"start":{"line":23,"column":18},"end":{"line":23,"column":40}},"type":"cond-expr","locations":[{"start":{"line":23,"column":28},"end":{"line":23,"column":32}},{"start":{"line":23,"column":35},"end":{"line":23,"column":40}}],"line":23}},"s":{"0":0,"1":0},"f":{"0":0},"b":{"0":[0,0],"1":[0,0],"2":[0,0]}}
,"/Users/josephhaines/clockIt/components/stopWatch/stopwatch.js": {"path":"/Users/josephhaines/clockIt/components/stopWatch/stopwatch.js","statementMap":{"0":{"start":{"line":6,"column":18},"end":{"line":72,"column":1}},"1":{"start":{"line":7,"column":26},"end":{"line":7,"column":37}},"2":{"start":{"line":8,"column":32},"end":{"line":8,"column":47}},"3":{"start":{"line":9,"column":24},"end":{"line":9,"column":36}},"4":{"start":{"line":10,"column":42},"end":{"line":10,"column":54}},"5":{"start":{"line":11,"column":16},"end":{"line":11,"column":28}},"6":{"start":{"line":12,"column":19},"end":{"line":12,"column":31}},"7":{"start":{"line":13,"column":19},"end":{"line":13,"column":31}},"8":{"start":{"line":15,"column":13},"end":{"line":21,"column":3}},"9":{"start":{"line":16,"column":16},"end":{"line":16,"column":45}},"10":{"start":{"line":17,"column":4},"end":{"line":17,"column":41}},"11":{"start":{"line":18,"column":21},"end":{"line":18,"column":76}},"12":{"start":{"line":19,"column":4},"end":{"line":19,"column":31}},"13":{"start":{"line":20,"column":4},"end":{"line":20,"column":40}},"14":{"start":{"line":20,"column":26},"end":{"line":20,"column":38}},"15":{"start":{"line":23,"column":31},"end":{"line":30,"column":3}},"16":{"start":{"line":24,"column":4},"end":{"line":29,"column":5}},"17":{"start":{"line":25,"column":6},"end":{"line":25,"column":54}},"18":{"start":{"line":25,"column":30},"end":{"line":25,"column":52}},"19":{"start":{"line":27,"column":6},"end":{"line":27,"column":17}},"20":{"start":{"line":28,"column":6},"end":{"line":28,"column":17}},"21":{"start":{"line":32,"column":34},"end":{"line":36,"column":3}},"22":{"start":{"line":33,"column":4},"end":{"line":35,"column":5}},"23":{"start":{"line":34,"column":6},"end":{"line":34,"column":36}},"24":{"start":{"line":37,"column":37},"end":{"line":52,"column":3}},"25":{"start":{"line":38,"column":4},"end":{"line":50,"column":5}},"26":{"start":{"line":39,"column":6},"end":{"line":42,"column":7}},"27":{"start":{"line":40,"column":8},"end":{"line":40,"column":30}},"28":{"start":{"line":41,"column":8},"end":{"line":41,"column":57}},"29":{"start":{"line":43,"column":6},"end":{"line":45,"column":13}},"30":{"start":{"line":44,"column":8},"end":{"line":44,"column":15}},"31":{"start":{"line":47,"column":6},"end":{"line":47,"column":35}},"32":{"start":{"line":48,"column":6},"end":{"line":48,"column":30}},"33":{"start":{"line":49,"column":6},"end":{"line":49,"column":30}},"34":{"start":{"line":51,"column":4},"end":{"line":51,"column":54}},"35":{"start":{"line":51,"column":36},"end":{"line":51,"column":52}},"36":{"start":{"line":54,"column":2},"end":{"line":71,"column":4}},"37":{"start":{"line":73,"column":15},"end":{"line":96,"column":2}}},"fnMap":{"0":{"name":"(anonymous_0)","decl":{"start":{"line":6,"column":18},"end":{"line":6,"column":19}},"loc":{"start":{"line":6,"column":24},"end":{"line":72,"column":1}},"line":6},"1":{"name":"(anonymous_1)","decl":{"start":{"line":15,"column":13},"end":{"line":15,"column":14}},"loc":{"start":{"line":15,"column":19},"end":{"line":21,"column":3}},"line":15},"2":{"name":"(anonymous_2)","decl":{"start":{"line":20,"column":12},"end":{"line":20,"column":13}},"loc":{"start":{"line":20,"column":26},"end":{"line":20,"column":38}},"line":20},"3":{"name":"(anonymous_3)","decl":{"start":{"line":23,"column":31},"end":{"line":23,"column":32}},"loc":{"start":{"line":23,"column":37},"end":{"line":30,"column":3}},"line":23},"4":{"name":"(anonymous_4)","decl":{"start":{"line":25,"column":13},"end":{"line":25,"column":14}},"loc":{"start":{"line":25,"column":30},"end":{"line":25,"column":52}},"line":25},"5":{"name":"(anonymous_5)","decl":{"start":{"line":32,"column":34},"end":{"line":32,"column":35}},"loc":{"start":{"line":32,"column":40},"end":{"line":36,"column":3}},"line":32},"6":{"name":"(anonymous_6)","decl":{"start":{"line":37,"column":37},"end":{"line":37,"column":38}},"loc":{"start":{"line":37,"column":43},"end":{"line":52,"column":3}},"line":37},"7":{"name":"(anonymous_7)","decl":{"start":{"line":43,"column":17},"end":{"line":43,"column":18}},"loc":{"start":{"line":43,"column":23},"end":{"line":45,"column":7}},"line":43},"8":{"name":"(anonymous_8)","decl":{"start":{"line":51,"column":15},"end":{"line":51,"column":16}},"loc":{"start":{"line":51,"column":36},"end":{"line":51,"column":52}},"line":51}},"branchMap":{"0":{"loc":{"start":{"line":24,"column":4},"end":{"line":29,"column":5}},"type":"if","locations":[{"start":{"line":24,"column":4},"end":{"line":29,"column":5}},{"start":{"line":26,"column":11},"end":{"line":29,"column":5}}],"line":24},"1":{"loc":{"start":{"line":33,"column":4},"end":{"line":35,"column":5}},"type":"if","locations":[{"start":{"line":33,"column":4},"end":{"line":35,"column":5}},{"start":{},"end":{}}],"line":33},"2":{"loc":{"start":{"line":38,"column":4},"end":{"line":50,"column":5}},"type":"if","locations":[{"start":{"line":38,"column":4},"end":{"line":50,"column":5}},{"start":{"line":46,"column":11},"end":{"line":50,"column":5}}],"line":38},"3":{"loc":{"start":{"line":39,"column":6},"end":{"line":42,"column":7}},"type":"if","locations":[{"start":{"line":39,"column":6},"end":{"line":42,"column":7}},{"start":{},"end":{}}],"line":39}},"s":{"0":0,"1":0,"2":0,"3":0,"4":0,"5":0,"6":0,"7":0,"8":0,"9":0,"10":0,"11":0,"12":0,"13":0,"14":0,"15":0,"16":0,"17":0,"18":0,"19":0,"20":0,"21":0,"22":0,"23":0,"24":0,"25":0,"26":0,"27":0,"28":0,"29":0,"30":0,"31":0,"32":0,"33":0,"34":0,"35":0,"36":0,"37":0},"f":{"0":0,"1":0,"2":0,"3":0,"4":0,"5":0,"6":0,"7":0,"8":0},"b":{"0":[0,0],"1":[0,0],"2":[0,0],"3":[0,0]}}
,"/Users/josephhaines/clockIt/db/readClockitData.js": {"path":"/Users/josephhaines/clockIt/db/readClockitData.js","statementMap":{"0":{"start":{"line":10,"column":31},"end":{"line":20,"column":1}},"1":{"start":{"line":22,"column":11},"end":{"line":22,"column":41}},"2":{"start":{"line":23,"column":14},"end":{"line":23,"column":33}}},"fnMap":{"0":{"name":"(anonymous_0)","decl":{"start":{"line":10,"column":31},"end":{"line":10,"column":32}},"loc":{"start":{"line":10,"column":43},"end":{"line":20,"column":1}},"line":10}},"branchMap":{},"s":{"0":0,"1":0,"2":0},"f":{"0":0},"b":{}}
,"/Users/josephhaines/clockIt/db/writeClockitData.js": {"path":"/Users/josephhaines/clockIt/db/writeClockitData.js","statementMap":{"0":{"start":{"line":4,"column":31},"end":{"line":11,"column":1}},"1":{"start":{"line":5,"column":18},"end":{"line":8,"column":3}},"2":{"start":{"line":10,"column":2},"end":{"line":10,"column":60}},"3":{"start":{"line":12,"column":28},"end":{"line":14,"column":1}},"4":{"start":{"line":13,"column":2},"end":{"line":13,"column":41}},"5":{"start":{"line":15,"column":40},"end":{"line":28,"column":1}},"6":{"start":{"line":16,"column":16},"end":{"line":16,"column":40}},"7":{"start":{"line":18,"column":16},"end":{"line":18,"column":34}},"8":{"start":{"line":19,"column":14},"end":{"line":19,"column":38}},"9":{"start":{"line":20,"column":2},"end":{"line":20,"column":25}},"10":{"start":{"line":21,"column":20},"end":{"line":21,"column":48}},"11":{"start":{"line":22,"column":2},"end":{"line":22,"column":48}},"12":{"start":{"line":23,"column":2},"end":{"line":23,"column":38}},"13":{"start":{"line":24,"column":2},"end":{"line":24,"column":25}},"14":{"start":{"line":25,"column":2},"end":{"line":25,"column":21}},"15":{"start":{"line":27,"column":2},"end":{"line":27,"column":84}}},"fnMap":{"0":{"name":"(anonymous_0)","decl":{"start":{"line":4,"column":31},"end":{"line":4,"column":32}},"loc":{"start":{"line":4,"column":61},"end":{"line":11,"column":1}},"line":4},"1":{"name":"(anonymous_1)","decl":{"start":{"line":12,"column":28},"end":{"line":12,"column":29}},"loc":{"start":{"line":12,"column":37},"end":{"line":14,"column":1}},"line":12},"2":{"name":"(anonymous_2)","decl":{"start":{"line":15,"column":40},"end":{"line":15,"column":41}},"loc":{"start":{"line":15,"column":58},"end":{"line":28,"column":1}},"line":15}},"branchMap":{"0":{"loc":{"start":{"line":21,"column":20},"end":{"line":21,"column":48}},"type":"cond-expr","locations":[{"start":{"line":21,"column":36},"end":{"line":21,"column":40}},{"start":{"line":21,"column":43},"end":{"line":21,"column":48}}],"line":21},"1":{"loc":{"start":{"line":22,"column":12},"end":{"line":22,"column":47}},"type":"cond-expr","locations":[{"start":{"line":22,"column":26},"end":{"line":22,"column":37}},{"start":{"line":22,"column":40},"end":{"line":22,"column":47}}],"line":22},"2":{"loc":{"start":{"line":23,"column":12},"end":{"line":23,"column":37}},"type":"cond-expr","locations":[{"start":{"line":23,"column":26},"end":{"line":23,"column":27}},{"start":{"line":23,"column":30},"end":{"line":23,"column":37}}],"line":23}},"s":{"0":0,"1":0,"2":0,"3":0,"4":0,"5":0,"6":0,"7":0,"8":0,"9":0,"10":0,"11":0,"12":0,"13":0,"14":0,"15":0},"f":{"0":0,"1":0,"2":0},"b":{"0":[0,0],"1":[0,0],"2":[0,0]}}
,"/Users/josephhaines/clockIt/navigation/AppNavigator.js": {"path":"/Users/josephhaines/clockIt/navigation/AppNavigator.js","statementMap":{"0":{"start":{"line":10,"column":22},"end":{"line":10,"column":50}},"1":{"start":{"line":12,"column":21},"end":{"line":25,"column":1}},"2":{"start":{"line":13,"column":2},"end":{"line":24,"column":4}}},"fnMap":{"0":{"name":"(anonymous_0)","decl":{"start":{"line":12,"column":21},"end":{"line":12,"column":22}},"loc":{"start":{"line":12,"column":27},"end":{"line":25,"column":1}},"line":12}},"branchMap":{},"s":{"0":0,"1":0,"2":0},"f":{"0":0},"b":{}}
,"/Users/josephhaines/clockIt/screens/Clock It Screen/clockItScreen.js": {"path":"/Users/josephhaines/clockIt/screens/Clock It Screen/clockItScreen.js","statementMap":{"0":{"start":{"line":4,"column":22},"end":{"line":10,"column":1}},"1":{"start":{"line":5,"column":2},"end":{"line":9,"column":4}},"2":{"start":{"line":12,"column":15},"end":{"line":19,"column":2}}},"fnMap":{"0":{"name":"(anonymous_0)","decl":{"start":{"line":4,"column":22},"end":{"line":4,"column":23}},"loc":{"start":{"line":4,"column":42},"end":{"line":10,"column":1}},"line":4}},"branchMap":{},"s":{"0":0,"1":0,"2":0},"f":{"0":0},"b":{}}
,"/Users/josephhaines/clockIt/screens/Home Screen/HomeScreen.js": {"path":"/Users/josephhaines/clockIt/screens/Home Screen/HomeScreen.js","statementMap":{"0":{"start":{"line":4,"column":19},"end":{"line":14,"column":1}},"1":{"start":{"line":5,"column":2},"end":{"line":13,"column":4}},"2":{"start":{"line":10,"column":23},"end":{"line":10,"column":53}},"3":{"start":{"line":16,"column":15},"end":{"line":24,"column":2}}},"fnMap":{"0":{"name":"(anonymous_0)","decl":{"start":{"line":4,"column":19},"end":{"line":4,"column":20}},"loc":{"start":{"line":4,"column":39},"end":{"line":14,"column":1}},"line":4},"1":{"name":"(anonymous_1)","decl":{"start":{"line":10,"column":17},"end":{"line":10,"column":18}},"loc":{"start":{"line":10,"column":23},"end":{"line":10,"column":53}},"line":10}},"branchMap":{},"s":{"0":0,"1":0,"2":0,"3":0},"f":{"0":0,"1":0},"b":{}}
,"/Users/josephhaines/clockIt/utils/convertCentisecondstoHMS.js": {"path":"/Users/josephhaines/clockIt/utils/convertCentisecondstoHMS.js","statementMap":{"0":{"start":{"line":1,"column":28},"end":{"line":3,"column":1}},"1":{"start":{"line":2,"column":2},"end":{"line":2,"column":41}},"2":{"start":{"line":4,"column":40},"end":{"line":17,"column":1}},"3":{"start":{"line":5,"column":16},"end":{"line":5,"column":40}},"4":{"start":{"line":7,"column":16},"end":{"line":7,"column":34}},"5":{"start":{"line":8,"column":14},"end":{"line":8,"column":38}},"6":{"start":{"line":9,"column":2},"end":{"line":9,"column":25}},"7":{"start":{"line":10,"column":20},"end":{"line":10,"column":48}},"8":{"start":{"line":11,"column":2},"end":{"line":11,"column":48}},"9":{"start":{"line":12,"column":2},"end":{"line":12,"column":38}},"10":{"start":{"line":13,"column":2},"end":{"line":13,"column":25}},"11":{"start":{"line":14,"column":2},"end":{"line":14,"column":21}},"12":{"start":{"line":16,"column":2},"end":{"line":16,"column":84}}},"fnMap":{"0":{"name":"(anonymous_0)","decl":{"start":{"line":1,"column":28},"end":{"line":1,"column":29}},"loc":{"start":{"line":1,"column":37},"end":{"line":3,"column":1}},"line":1},"1":{"name":"(anonymous_1)","decl":{"start":{"line":4,"column":40},"end":{"line":4,"column":41}},"loc":{"start":{"line":4,"column":58},"end":{"line":17,"column":1}},"line":4}},"branchMap":{"0":{"loc":{"start":{"line":10,"column":20},"end":{"line":10,"column":48}},"type":"cond-expr","locations":[{"start":{"line":10,"column":36},"end":{"line":10,"column":40}},{"start":{"line":10,"column":43},"end":{"line":10,"column":48}}],"line":10},"1":{"loc":{"start":{"line":11,"column":12},"end":{"line":11,"column":47}},"type":"cond-expr","locations":[{"start":{"line":11,"column":26},"end":{"line":11,"column":37}},{"start":{"line":11,"column":40},"end":{"line":11,"column":47}}],"line":11},"2":{"loc":{"start":{"line":12,"column":12},"end":{"line":12,"column":37}},"type":"cond-expr","locations":[{"start":{"line":12,"column":26},"end":{"line":12,"column":27}},{"start":{"line":12,"column":30},"end":{"line":12,"column":37}}],"line":12}},"s":{"0":1,"1":13,"2":1,"3":4,"4":4,"5":4,"6":4,"7":4,"8":4,"9":4,"10":4,"11":4,"12":4},"f":{"0":13,"1":4},"b":{"0":[1,3],"1":[1,3],"2":[1,3]},"_coverageSchema":"1a1c01bbd47fc00a2c39e90264f33305004495a9","hash":"26bfae4e222aa31aa65a120a2d57da9067e8b91c"}
,"/Users/josephhaines/clockIt/utils/dateHelper.js": {"path":"/Users/josephhaines/clockIt/utils/dateHelper.js","statementMap":{"0":{"start":{"line":1,"column":24},"end":{"line":11,"column":1}},"1":{"start":{"line":2,"column":16},"end":{"line":2,"column":26}},"2":{"start":{"line":3,"column":19},"end":{"line":3,"column":34}},"3":{"start":{"line":4,"column":19},"end":{"line":4,"column":34}},"4":{"start":{"line":5,"column":2},"end":{"line":5,"column":43}},"5":{"start":{"line":6,"column":2},"end":{"line":6,"column":43}},"6":{"start":{"line":7,"column":2},"end":{"line":7,"column":32}},"7":{"start":{"line":10,"column":2},"end":{"line":10,"column":50}}},"fnMap":{"0":{"name":"(anonymous_0)","decl":{"start":{"line":1,"column":24},"end":{"line":1,"column":25}},"loc":{"start":{"line":1,"column":36},"end":{"line":11,"column":1}},"line":1}},"branchMap":{},"s":{"0":0,"1":0,"2":0,"3":0,"4":0,"5":0,"6":0,"7":0},"f":{"0":0},"b":{}}
,"/Users/josephhaines/clockIt/utils/padNumToTwo.js": {"path":"/Users/josephhaines/clockIt/utils/padNumToTwo.js","statementMap":{"0":{"start":{"line":1,"column":20},"end":{"line":1,"column":57}},"1":{"start":{"line":1,"column":30},"end":{"line":1,"column":56}},"2":{"start":{"line":3,"column":20},"end":{"line":33,"column":1}},"3":{"start":{"line":4,"column":12},"end":{"line":4,"column":13}},"4":{"start":{"line":5,"column":12},"end":{"line":5,"column":13}},"5":{"start":{"line":7,"column":2},"end":{"line":9,"column":3}},"6":{"start":{"line":8,"column":4},"end":{"line":8,"column":12}},"7":{"start":{"line":10,"column":2},"end":{"line":12,"column":3}},"8":{"start":{"line":11,"column":4},"end":{"line":11,"column":54}},"9":{"start":{"line":13,"column":36},"end":{"line":13,"column":60}},"10":{"start":{"line":14,"column":2},"end":{"line":14,"column":65}},"11":{"start":{"line":16,"column":2},"end":{"line":18,"column":3}},"12":{"start":{"line":17,"column":4},"end":{"line":17,"column":80}},"13":{"start":{"line":19,"column":25},"end":{"line":19,"column":33}},"14":{"start":{"line":20,"column":2},"end":{"line":20,"column":38}},"15":{"start":{"line":21,"column":2},"end":{"line":25,"column":3}},"16":{"start":{"line":22,"column":4},"end":{"line":24,"column":8}},"17":{"start":{"line":26,"column":14},"end":{"line":26,"column":34}},"18":{"start":{"line":28,"column":2},"end":{"line":28,"column":17}},"19":{"start":{"line":30,"column":2},"end":{"line":32,"column":6}}},"fnMap":{"0":{"name":"(anonymous_0)","decl":{"start":{"line":1,"column":20},"end":{"line":1,"column":21}},"loc":{"start":{"line":1,"column":30},"end":{"line":1,"column":56}},"line":1},"1":{"name":"(anonymous_1)","decl":{"start":{"line":3,"column":20},"end":{"line":3,"column":21}},"loc":{"start":{"line":3,"column":44},"end":{"line":33,"column":1}},"line":3}},"branchMap":{"0":{"loc":{"start":{"line":1,"column":30},"end":{"line":1,"column":56}},"type":"cond-expr","locations":[{"start":{"line":1,"column":41},"end":{"line":1,"column":50}},{"start":{"line":1,"column":53},"end":{"line":1,"column":56}}],"line":1},"1":{"loc":{"start":{"line":7,"column":2},"end":{"line":9,"column":3}},"type":"if","locations":[{"start":{"line":7,"column":2},"end":{"line":9,"column":3}},{"start":{},"end":{}}],"line":7},"2":{"loc":{"start":{"line":10,"column":2},"end":{"line":12,"column":3}},"type":"if","locations":[{"start":{"line":10,"column":2},"end":{"line":12,"column":3}},{"start":{},"end":{}}],"line":10},"3":{"loc":{"start":{"line":16,"column":2},"end":{"line":18,"column":3}},"type":"if","locations":[{"start":{"line":16,"column":2},"end":{"line":18,"column":3}},{"start":{},"end":{}}],"line":16},"4":{"loc":{"start":{"line":21,"column":2},"end":{"line":25,"column":3}},"type":"if","locations":[{"start":{"line":21,"column":2},"end":{"line":25,"column":3}},{"start":{},"end":{}}],"line":21}},"s":{"0":0,"1":0,"2":0,"3":0,"4":0,"5":0,"6":0,"7":0,"8":0,"9":0,"10":0,"11":0,"12":0,"13":0,"14":0,"15":0,"16":0,"17":0,"18":0,"19":0},"f":{"0":0,"1":0},"b":{"0":[0,0],"1":[0,0],"2":[0,0],"3":[0,0],"4":[0,0]}}
}
