{"/Users/josephhaines/clockIt/App.js": {"path":"/Users/josephhaines/clockIt/App.js","statementMap":{"0":{"start":{"line":7,"column":2},"end":{"line":7,"column":26}},"1":{"start":{"line":10,"column":15},"end":{"line":17,"column":2}}},"fnMap":{"0":{"name":"App","decl":{"start":{"line":6,"column":24},"end":{"line":6,"column":27}},"loc":{"start":{"line":6,"column":30},"end":{"line":8,"column":1}},"line":6}},"branchMap":{},"s":{"0":0,"1":0},"f":{"0":0},"b":{}}
,"/Users/josephhaines/clockIt/firebase.js": {"path":"/Users/josephhaines/clockIt/firebase.js","statementMap":{"0":{"start":{"line":11,"column":23},"end":{"line":19,"column":1}},"1":{"start":{"line":22,"column":12},"end":{"line":22,"column":41}},"2":{"start":{"line":24,"column":18},"end":{"line":24,"column":35}}},"fnMap":{},"branchMap":{},"s":{"0":0,"1":0,"2":0},"f":{},"b":{}}
,"/Users/josephhaines/clockIt/metro.config.js": {"path":"/Users/josephhaines/clockIt/metro.config.js","statementMap":{"0":{"start":{"line":1,"column":29},"end":{"line":1,"column":58}},"1":{"start":{"line":2,"column":22},"end":{"line":2,"column":49}},"2":{"start":{"line":4,"column":0},"end":{"line":4,"column":45}},"3":{"start":{"line":6,"column":0},"end":{"line":6,"column":31}}},"fnMap":{},"branchMap":{},"s":{"0":0,"1":0,"2":0,"3":0},"f":{},"b":{}}
,"/Users/josephhaines/clockIt/db/readClockitData.js": {"path":"/Users/josephhaines/clockIt/db/readClockitData.js","statementMap":{"0":{"start":{"line":10,"column":31},"end":{"line":20,"column":1}},"1":{"start":{"line":22,"column":11},"end":{"line":22,"column":41}},"2":{"start":{"line":23,"column":14},"end":{"line":23,"column":33}}},"fnMap":{"0":{"name":"(anonymous_0)","decl":{"start":{"line":10,"column":31},"end":{"line":10,"column":32}},"loc":{"start":{"line":10,"column":43},"end":{"line":20,"column":1}},"line":10}},"branchMap":{},"s":{"0":0,"1":0,"2":0},"f":{"0":0},"b":{}}
,"/Users/josephhaines/clockIt/db/writeClockitData.js": {"path":"/Users/josephhaines/clockIt/db/writeClockitData.js","statementMap":{"0":{"start":{"line":14,"column":31},"end":{"line":20,"column":1}},"1":{"start":{"line":15,"column":18},"end":{"line":18,"column":3}},"2":{"start":{"line":19,"column":2},"end":{"line":19,"column":50}}},"fnMap":{"0":{"name":"(anonymous_0)","decl":{"start":{"line":14,"column":31},"end":{"line":14,"column":32}},"loc":{"start":{"line":14,"column":61},"end":{"line":20,"column":1}},"line":14}},"branchMap":{},"s":{"0":0,"1":0,"2":0},"f":{"0":0},"b":{}}
,"/Users/josephhaines/clockIt/navigation/AppNavigator.js": {"path":"/Users/josephhaines/clockIt/navigation/AppNavigator.js","statementMap":{"0":{"start":{"line":10,"column":22},"end":{"line":10,"column":50}},"1":{"start":{"line":12,"column":21},"end":{"line":25,"column":1}},"2":{"start":{"line":13,"column":2},"end":{"line":24,"column":4}}},"fnMap":{"0":{"name":"(anonymous_0)","decl":{"start":{"line":12,"column":21},"end":{"line":12,"column":22}},"loc":{"start":{"line":12,"column":27},"end":{"line":25,"column":1}},"line":12}},"branchMap":{},"s":{"0":0,"1":0,"2":0},"f":{"0":0},"b":{}}
,"/Users/josephhaines/clockIt/screens/Clock It Screen/clockItScreen.js": {"path":"/Users/josephhaines/clockIt/screens/Clock It Screen/clockItScreen.js","statementMap":{"0":{"start":{"line":4,"column":22},"end":{"line":10,"column":1}},"1":{"start":{"line":5,"column":2},"end":{"line":9,"column":4}},"2":{"start":{"line":12,"column":15},"end":{"line":19,"column":2}}},"fnMap":{"0":{"name":"(anonymous_0)","decl":{"start":{"line":4,"column":22},"end":{"line":4,"column":23}},"loc":{"start":{"line":4,"column":42},"end":{"line":10,"column":1}},"line":4}},"branchMap":{},"s":{"0":0,"1":0,"2":0},"f":{"0":0},"b":{}}
,"/Users/josephhaines/clockIt/screens/Home Screen/HomeScreen.js": {"path":"/Users/josephhaines/clockIt/screens/Home Screen/HomeScreen.js","statementMap":{"0":{"start":{"line":4,"column":19},"end":{"line":14,"column":1}},"1":{"start":{"line":5,"column":2},"end":{"line":13,"column":4}},"2":{"start":{"line":10,"column":23},"end":{"line":10,"column":53}},"3":{"start":{"line":16,"column":15},"end":{"line":24,"column":2}}},"fnMap":{"0":{"name":"(anonymous_0)","decl":{"start":{"line":4,"column":19},"end":{"line":4,"column":20}},"loc":{"start":{"line":4,"column":39},"end":{"line":14,"column":1}},"line":4},"1":{"name":"(anonymous_1)","decl":{"start":{"line":10,"column":17},"end":{"line":10,"column":18}},"loc":{"start":{"line":10,"column":23},"end":{"line":10,"column":53}},"line":10}},"branchMap":{},"s":{"0":1,"1":1,"2":0,"3":1},"f":{"0":1,"1":0},"b":{},"_coverageSchema":"1a1c01bbd47fc00a2c39e90264f33305004495a9","hash":"cee6b6a03093be5cbbbced8e49dd4a611dbf77a1"}
}
